<?xml version="1.0" encoding="UTF-8"?>
<!-- Generated by org.testng.reporters.JUnitReportReporter -->
<testsuite hostname="LAPTOP-K7QGT7D0" failures="0" tests="3" name="TestNGpkg.NewTest" time="15.675" errors="0" timestamp="2023-12-11T12:24:43 IST" skipped="0">
  <testcase classname="TestNGpkg.NewTest" name="openapp" time="14.634"/>
  <testcase classname="TestNGpkg.NewTest" name="login" time="1.040"/>
  <testcase classname="TestNGpkg.NewTest" name="close" time="0.001"/>
</testsuite> <!-- TestNGpkg.NewTest -->
